{"/home/user/projects/sonarcap/srv/service.js": {"path":"/home/user/projects/sonarcap/srv/service.js","statementMap":{"0":{"start":{"line":1,"column":12},"end":{"line":1,"column":31}},"1":{"start":{"line":2,"column":11},"end":{"line":2,"column":24}},"2":{"start":{"line":3,"column":13},"end":{"line":3,"column":28}},"3":{"start":{"line":4,"column":0},"end":{"line":70,"column":4}},"4":{"start":{"line":27,"column":2},"end":{"line":39,"column":5}},"5":{"start":{"line":28,"column":17},"end":{"line":35,"column":35}},"6":{"start":{"line":36,"column":4},"end":{"line":36,"column":55}},"7":{"start":{"line":36,"column":15},"end":{"line":36,"column":55}},"8":{"start":{"line":37,"column":4},"end":{"line":37,"column":16}},"9":{"start":{"line":40,"column":4},"end":{"line":48,"column":7}},"10":{"start":{"line":41,"column":20},"end":{"line":41,"column":34}},"11":{"start":{"line":44,"column":20},"end":{"line":44,"column":89}},"12":{"start":{"line":45,"column":21},"end":{"line":45,"column":41}},"13":{"start":{"line":47,"column":6},"end":{"line":47,"column":20}},"14":{"start":{"line":51,"column":0},"end":{"line":68,"column":3}},"15":{"start":{"line":52,"column":2},"end":{"line":67,"column":3}},"16":{"start":{"line":53,"column":21},"end":{"line":53,"column":58}},"17":{"start":{"line":56,"column":19},"end":{"line":56,"column":48}},"18":{"start":{"line":58,"column":15},"end":{"line":58,"column":17}},"19":{"start":{"line":59,"column":4},"end":{"line":61,"column":5}},"20":{"start":{"line":60,"column":6},"end":{"line":60,"column":20}},"21":{"start":{"line":63,"column":4},"end":{"line":63,"column":29}},"22":{"start":{"line":65,"column":4},"end":{"line":65,"column":56}},"23":{"start":{"line":66,"column":4},"end":{"line":66,"column":39}},"24":{"start":{"line":76,"column":4},"end":{"line":76,"column":34}},"25":{"start":{"line":77,"column":2},"end":{"line":79,"column":5}},"26":{"start":{"line":78,"column":4},"end":{"line":78,"column":74}},"27":{"start":{"line":78,"column":21},"end":{"line":78,"column":67}}},"fnMap":{"0":{"name":"(anonymous_0)","decl":{"start":{"line":4,"column":17},"end":{"line":4,"column":18}},"loc":{"start":{"line":4,"column":38},"end":{"line":70,"column":3}},"line":4},"1":{"name":"(anonymous_1)","decl":{"start":{"line":27,"column":25},"end":{"line":27,"column":26}},"loc":{"start":{"line":27,"column":40},"end":{"line":39,"column":3}},"line":27},"2":{"name":"(anonymous_2)","decl":{"start":{"line":40,"column":41},"end":{"line":40,"column":42}},"loc":{"start":{"line":40,"column":56},"end":{"line":48,"column":5}},"line":40},"3":{"name":"(anonymous_3)","decl":{"start":{"line":51,"column":27},"end":{"line":51,"column":28}},"loc":{"start":{"line":51,"column":42},"end":{"line":68,"column":1}},"line":51},"4":{"name":"simulateExternalFailure","decl":{"start":{"line":75,"column":15},"end":{"line":75,"column":38}},"loc":{"start":{"line":75,"column":45},"end":{"line":80,"column":1}},"line":75},"5":{"name":"(anonymous_5)","decl":{"start":{"line":77,"column":21},"end":{"line":77,"column":22}},"loc":{"start":{"line":77,"column":36},"end":{"line":79,"column":3}},"line":77},"6":{"name":"(anonymous_6)","decl":{"start":{"line":78,"column":15},"end":{"line":78,"column":16}},"loc":{"start":{"line":78,"column":21},"end":{"line":78,"column":67}},"line":78}},"branchMap":{"0":{"loc":{"start":{"line":36,"column":4},"end":{"line":36,"column":55}},"type":"if","locations":[{"start":{"line":36,"column":4},"end":{"line":36,"column":55}},{"start":{},"end":{}}],"line":36}},"s":{"0":2,"1":2,"2":2,"3":2,"4":4,"5":1,"6":1,"7":0,"8":1,"9":4,"10":1,"11":1,"12":1,"13":1,"14":4,"15":1,"16":1,"17":1,"18":1,"19":1,"20":1,"21":1,"22":0,"23":0,"24":0,"25":0,"26":0,"27":0},"f":{"0":4,"1":1,"2":1,"3":1,"4":0,"5":0,"6":0},"b":{"0":[0,1]},"_coverageSchema":"1a1c01bbd47fc00a2c39e90264f33305004495a9","hash":"35803c1234007f106b8b2e1369e889b0da7c3b55"}
}
