{"/home/user/projects/sonarcap/srv/service.js": {"path":"/home/user/projects/sonarcap/srv/service.js","statementMap":{"0":{"start":{"line":1,"column":12},"end":{"line":1,"column":31}},"1":{"start":{"line":2,"column":11},"end":{"line":2,"column":24}},"2":{"start":{"line":3,"column":13},"end":{"line":3,"column":28}},"3":{"start":{"line":4,"column":0},"end":{"line":75,"column":4}},"4":{"start":{"line":28,"column":2},"end":{"line":40,"column":5}},"5":{"start":{"line":29,"column":17},"end":{"line":36,"column":35}},"6":{"start":{"line":37,"column":4},"end":{"line":37,"column":55}},"7":{"start":{"line":37,"column":15},"end":{"line":37,"column":55}},"8":{"start":{"line":38,"column":4},"end":{"line":38,"column":16}},"9":{"start":{"line":41,"column":4},"end":{"line":53,"column":7}},"10":{"start":{"line":42,"column":6},"end":{"line":42,"column":22}},"11":{"start":{"line":45,"column":20},"end":{"line":45,"column":34}},"12":{"start":{"line":48,"column":20},"end":{"line":48,"column":89}},"13":{"start":{"line":49,"column":21},"end":{"line":49,"column":41}},"14":{"start":{"line":50,"column":20},"end":{"line":50,"column":24}},"15":{"start":{"line":51,"column":6},"end":{"line":51,"column":26}},"16":{"start":{"line":52,"column":6},"end":{"line":52,"column":20}},"17":{"start":{"line":56,"column":0},"end":{"line":73,"column":3}},"18":{"start":{"line":57,"column":2},"end":{"line":72,"column":3}},"19":{"start":{"line":58,"column":21},"end":{"line":58,"column":58}},"20":{"start":{"line":61,"column":19},"end":{"line":61,"column":48}},"21":{"start":{"line":63,"column":15},"end":{"line":63,"column":17}},"22":{"start":{"line":64,"column":4},"end":{"line":66,"column":5}},"23":{"start":{"line":65,"column":6},"end":{"line":65,"column":20}},"24":{"start":{"line":68,"column":4},"end":{"line":68,"column":29}},"25":{"start":{"line":70,"column":4},"end":{"line":70,"column":56}},"26":{"start":{"line":71,"column":4},"end":{"line":71,"column":39}}},"fnMap":{"0":{"name":"(anonymous_0)","decl":{"start":{"line":4,"column":17},"end":{"line":4,"column":18}},"loc":{"start":{"line":4,"column":38},"end":{"line":75,"column":3}},"line":4},"1":{"name":"(anonymous_1)","decl":{"start":{"line":28,"column":25},"end":{"line":28,"column":26}},"loc":{"start":{"line":28,"column":40},"end":{"line":40,"column":3}},"line":28},"2":{"name":"(anonymous_2)","decl":{"start":{"line":41,"column":41},"end":{"line":41,"column":42}},"loc":{"start":{"line":41,"column":56},"end":{"line":53,"column":5}},"line":41},"3":{"name":"(anonymous_3)","decl":{"start":{"line":56,"column":27},"end":{"line":56,"column":28}},"loc":{"start":{"line":56,"column":42},"end":{"line":73,"column":1}},"line":56}},"branchMap":{"0":{"loc":{"start":{"line":37,"column":4},"end":{"line":37,"column":55}},"type":"if","locations":[{"start":{"line":37,"column":4},"end":{"line":37,"column":55}},{"start":{},"end":{}}],"line":37}},"s":{"0":1,"1":1,"2":1,"3":1,"4":4,"5":1,"6":1,"7":0,"8":1,"9":4,"10":1,"11":1,"12":1,"13":1,"14":1,"15":1,"16":0,"17":4,"18":1,"19":1,"20":1,"21":1,"22":1,"23":1,"24":1,"25":0,"26":0},"f":{"0":4,"1":1,"2":1,"3":1},"b":{"0":[0,1]},"_coverageSchema":"1a1c01bbd47fc00a2c39e90264f33305004495a9","hash":"cfcbe20b1239d1d39a29ac1eaec769082e150cb0"}
}
