TN:
SF:srv/service.js
FN:5,(anonymous_0)
FN:33,(anonymous_1)
FN:52,(anonymous_2)
FN:93,(anonymous_3)
FN:111,(anonymous_4)
FN:116,(anonymous_5)
FN:131,(anonymous_6)
FN:137,(anonymous_7)
FN:142,(anonymous_8)
FN:148,(anonymous_9)
FN:162,(anonymous_10)
FN:174,(anonymous_11)
FN:181,(anonymous_12)
FN:187,(anonymous_13)
FN:195,(anonymous_14)
FN:200,(anonymous_15)
FN:209,(anonymous_16)
FN:216,(anonymous_17)
FN:225,(anonymous_18)
FN:232,(anonymous_19)
FN:238,(anonymous_20)
FN:246,(anonymous_21)
FN:269,(anonymous_22)
FN:272,(anonymous_23)
FN:276,(anonymous_24)
FNF:25
FNH:22
FNDA:22,(anonymous_0)
FNDA:1,(anonymous_1)
FNDA:2,(anonymous_2)
FNDA:1,(anonymous_3)
FNDA:1,(anonymous_4)
FNDA:1,(anonymous_5)
FNDA:1,(anonymous_6)
FNDA:1,(anonymous_7)
FNDA:1,(anonymous_8)
FNDA:1,(anonymous_9)
FNDA:1,(anonymous_10)
FNDA:1,(anonymous_11)
FNDA:1,(anonymous_12)
FNDA:1,(anonymous_13)
FNDA:1,(anonymous_14)
FNDA:1,(anonymous_15)
FNDA:1,(anonymous_16)
FNDA:1,(anonymous_17)
FNDA:1,(anonymous_18)
FNDA:1,(anonymous_19)
FNDA:1,(anonymous_20)
FNDA:1,(anonymous_21)
FNDA:0,(anonymous_22)
FNDA:0,(anonymous_23)
FNDA:0,(anonymous_24)
DA:1,1
DA:2,1
DA:3,1
DA:4,1
DA:5,1
DA:6,22
DA:7,22
DA:8,22
DA:33,22
DA:34,1
DA:35,1
DA:36,1
DA:48,0
DA:49,0
DA:52,22
DA:53,2
DA:54,2
DA:55,2
DA:58,2
DA:61,2
DA:63,2
DA:64,2
DA:65,0
DA:66,0
DA:67,0
DA:78,0
DA:93,22
DA:94,1
DA:95,1
DA:98,1
DA:100,1
DA:101,1
DA:102,1
DA:105,1
DA:107,0
DA:108,0
DA:111,22
DA:112,1
DA:113,1
DA:116,22
DA:126,1
DA:131,22
DA:133,1
DA:137,22
DA:138,1
DA:142,22
DA:143,1
DA:144,1
DA:148,22
DA:149,1
DA:150,1
DA:162,22
DA:163,1
DA:164,1
DA:166,1
DA:174,22
DA:175,1
DA:176,1
DA:177,1
DA:181,22
DA:182,1
DA:183,1
DA:187,22
DA:188,1
DA:195,22
DA:196,1
DA:200,22
DA:201,1
DA:202,1
DA:204,1
DA:209,22
DA:210,1
DA:211,1
DA:212,1
DA:216,22
DA:217,1
DA:225,22
DA:226,1
DA:227,1
DA:228,1
DA:232,22
DA:233,1
DA:234,1
DA:238,22
DA:239,1
DA:246,22
DA:247,1
DA:248,1
DA:269,22
DA:270,0
DA:271,0
DA:272,0
DA:274,0
DA:276,22
DA:277,0
DA:278,0
LF:96
LH:82
BRDA:48,0,0,0
BRDA:48,0,1,0
BRDA:271,1,0,0
BRDA:271,1,1,0
BRF:4
BRH:0
end_of_record
